<?xml version="1.0" encoding="UTF-8"?>
<testng-results skipped="0" failed="0" ignored="0" total="1" passed="1">
  <reporter-output>
  </reporter-output>
  <suite name="Default suite" duration-ms="10566" started-at="2020-02-19T08:02:31Z" finished-at="2020-02-19T08:02:42Z">
    <groups>
    </groups>
    <test name="Default test" duration-ms="10566" started-at="2020-02-19T08:02:31Z" finished-at="2020-02-19T08:02:42Z">
      <class name="com.uudoos.LoginTest">
        <test-method status="PASS" signature="initiallize()[pri:0, instance:com.uudoos.LoginTest@52500920]" name="initiallize" is-config="true" duration-ms="6823" started-at="2020-02-19T08:02:24Z" finished-at="2020-02-19T08:02:31Z">
          <reporter-output>
          </reporter-output>
        </test-method> <!-- initiallize -->
        <test-method status="PASS" signature="login(java.lang.String, java.lang.String)[pri:0, instance:com.uudoos.LoginTest@52500920]" name="login" duration-ms="7147" started-at="2020-02-19T08:02:31Z" data-provider="dp" finished-at="2020-02-19T08:02:38Z">
          <params>
            <param index="0">
              <value>
                <![CDATA[sch001]]>
              </value>
            </param>
            <param index="1">
              <value>
                <![CDATA[1234567a]]>
              </value>
            </param>
          </params>
          <reporter-output>
          </reporter-output>
        </test-method> <!-- login -->
        <test-method status="PASS" signature="afterClass()[pri:0, instance:com.uudoos.LoginTest@52500920]" name="afterClass" is-config="true" duration-ms="3305" started-at="2020-02-19T08:02:38Z" finished-at="2020-02-19T08:02:42Z">
          <reporter-output>
          </reporter-output>
        </test-method> <!-- afterClass -->
        <test-method status="PASS" signature="afterSuite()[pri:0, instance:com.uudoos.LoginTest@52500920]" name="afterSuite" is-config="true" duration-ms="636" started-at="2020-02-19T08:02:42Z" finished-at="2020-02-19T08:02:42Z">
          <reporter-output>
          </reporter-output>
        </test-method> <!-- afterSuite -->
      </class> <!-- com.uudoos.LoginTest -->
    </test> <!-- Default test -->
  </suite> <!-- Default suite -->
</testng-results>
